1527028047307	geckodriver	INFO	geckodriver 0.20.1
1527028047322	geckodriver	INFO	Listening on 127.0.0.1:13767
1527028050341	mozrunner::runner	INFO	Running command: "C:\\Program Files (x86)\\Mozilla Firefox\\firefox.exe" "-marionette" "-profile" "C:\\Users\\Charly\\AppData\\Local\\Temp\\rust_mozprofile.spHwEkRxKya2"
Unable to read VR Path Registry from C:\Users\Charly\AppData\Local\openvr\openvrpaths.vrpath
Unable to read VR Path Registry from C:\Users\Charly\AppData\Local\openvr\openvrpaths.vrpath
Unable to read VR Path Registry from C:\Users\Charly\AppData\Local\openvr\openvrpaths.vrpath
Unable to read VR Path Registry from C:\Users\Charly\AppData\Local\openvr\openvrpaths.vrpath
IPDL protocol error: Handler returned error code!

###!!! [Parent][DispatchAsyncMessage] Error: PLayerTransaction::Msg_ReleaseLayer Processing error: message was deserialized, but the handler returned false (indicating failure)

IPDL protocol error: Handler returned error code!

###!!! [Parent][DispatchAsyncMessage] Error: PLayerTransaction::Msg_ReleaseLayer Processing error: message was deserialized, but the handler returned false (indicating failure)

[Parent 13920, Gecko_IOThread] WARNING: pipe error: 109: file z:/build/build/src/ipc/chromium/src/chrome/common/ipc_channel_win.cc, line 346
[Child 12240, Chrome_ChildThread] WARNING: pipe error: 109: file z:/build/build/src/ipc/chromium/src/chrome/common/ipc_channel_win.cc, line 346
[Parent 13920, Gecko_IOThread] WARNING: file z:/build/build/src/ipc/chromium/src/base/process_util_win.cc, line 188
console.error: "Could not write session state file " (new Error("_initWorker called too early! Please read the session file from disk first.", "resource:///modules/sessionstore/SessionFile.jsm", 337)) "_initWorker/<@resource:///modules/sessionstore/SessionFile.jsm:337:15\n_initWorker@resource:///modules/sessionstore/SessionFile.jsm:330:12\n_postToWorker@resource:///modules/sessionstore/SessionFile.jsm:354:11\nwrite@resource:///modules/sessionstore/SessionFile.jsm:394:19\nwrite@resource:///modules/sessionstore/SessionFile.jsm:66:12\n_writeState@resource:///modules/sessionstore/SessionSaver.jsm:357:12\n_saveState@resource:///modules/sessionstore/SessionSaver.jsm:295:12\n_saveStateAsync@resource:///modules/sessionstore/SessionSaver.jsm:341:5\nsaveStateAsyncWhenIdle@resource:///modules/sessionstore/SessionSaver.jsm:192:9\n"
1527028095944	Marionette	INFO	Listening on port 13782
Unable to read VR Path Registry from C:\Users\Charly\AppData\Local\openvr\openvrpaths.vrpath
Unable to read VR Path Registry from C:\Users\Charly\AppData\Local\openvr\openvrpaths.vrpath
1527028098592	Marionette	WARN	TLS certificate errors will be ignored for this session
[Parent 13920, Gecko_IOThread] WARNING: pipe error: 109: file z:/build/build/src/ipc/chromium/src/chrome/common/ipc_channel_win.cc, line 346
[Child 7732, Chrome_ChildThread] WARNING: pipe error: 109: file z:/build/build/src/ipc/chromium/src/chrome/common/ipc_channel_win.cc, line 346
[Child 7732, C[Parent 13920, Gecko_IOThread] WARNING: pipe error: 109: file z:/build/build/src/ipc/chromium/src/chrome/common/ipc_channel_win.cc, line 346
[Child 6204, Chrome_ChildThread] WARNING: pipe error: 109: file z:/build/build/src/ipc/chromium/src/chrome/common/ipc_channel_win.cc, line 346
[Child 62041527028684488	geckodriver	INFO	geckodriver 0.20.1
1527028684509	geckodriver	INFO	Listening on 127.0.0.1:15009
1527028687497	mozrunner::runner	INFO	Running command: "C:\\Program Files (x86)\\Mozilla Firefox\\firefox.exe" "-marionette" "-headless" "-profile" "C:\\Users\\Charly\\AppData\\Local\\Temp\\rust_mozprofile.61oMgk64rWrg"
*** You are running in headless mode.
Unable to read VR Path Registry from C:\Users\Charly\AppData\Local\openvr\openvrpaths.vrpath
Unable to read VR Path Registry from C:\Users\Charly\AppData\Local\openvr\openvrpaths.vrpath
Unable to read VR Path Registry from C:\Users\Charly\AppData\Local\openvr\openvrpaths.vrpath
1527028696922	Marionette	INFO	Listening on port 15022
1527028697029	Marionette	WARN	TLS certificate errors will be ignored for this session
Unable to read VR Path Registry from C:\Users\Charly\AppData\Local\openvr\openvrpaths.vrpath
[Child 11588, Chrome_ChildThread] WARNING: pipe error: 109: file z:/build/build/src/ipc/chromium/src/chrome/common/ipc_channel_win.cc, line 346
[Child 11[Parent 10532, Gecko_IOThread] WARNING: pipe error: 109: file z:/build/build/src/ipc/chromium/src/chrome/common/ipc_channel_win.cc, line 346
[Child 13944, Chrome_ChildThread] WARNING: pipe error: 109: file z:/build/build/src/ipc/chromium/src/chrome/common/ipc_channel_win.cc, line 346
[Child 139[Parent 10532, Gecko_IOThread] WARNING: pipe error: 109: file z:/build/build/src/ipc/chromium/src/chrome/common/ipc_channel_win.cc, line 346
1527029003118	geckodriver	INFO	geckodriver 0.20.1
1527029003139	geckodriver	INFO	Listening on 127.0.0.1:15814
1527029006177	mozrunner::runner	INFO	Running command: "C:\\Program Files (x86)\\Mozilla Firefox\\firefox.exe" "-marionette" "-profile" "C:\\Users\\Charly\\AppData\\Local\\Temp\\rust_mozprofile.G11aeKpYs0ft"
Unable to read VR Path Registry from C:\Users\Charly\AppData\Local\openvr\openvrpaths.vrpath
Unable to read VR Path Registry from C:\Users\Charly\AppData\Local\openvr\openvrpaths.vrpath
Unable to read VR Path Registry from C:\Users\Charly\AppData\Local\openvr\openvrpaths.vrpath
Unable to read VR Path Registry from C:\Users\Charly\AppData\Local\openvr\openvrpaths.vrpath
Unable to read VR Path Registry from C:\Users\Charly\AppData\Local\openvr\openvrpaths.vrpath
1527029012902	Marionette	INFO	Listening on port 15827
1527029013769	Marionette	WARN	TLS certificate errors will be ignored for this session
[Parent 14804, Gecko_IOThread] WARNING: pipe error: 109: file z:/build/build/src/ipc/chromium/src/chrome/common/ipc_channel_win.cc, line 346
[Child 2736, Chrome_ChildThread] WARNING: pipe error: 109: file z:/build/build/src/ipc/chromium/src/chrome/common/ipc_channel_win.cc, line 346
[Child [Child 13284, Chrome_ChildThread] WARNING: pipe error: 109: file z:/build/build/src/ipc/chromium/src/chrome/common/ipc_channel_win.cc, line 346
[Child 13284, Chr[Parent 14804, Gecko_IOThread] WARNING: pipe error: 109: file z:/build/build/src/ipc/chromium/src/chrome/common/ipc_channel_win.cc, line 346
[Child 10036, Chrome_ChildThread] WARNING: pipe error: 109: file z:/build/build/src/ipc/chromium/src/chrome/common/ipc_channel_win.cc, line 346
[Child 10036, Chr*** UTM:SVC TimerManager:registerTimer called after profile-before-change notification. Ignoring timer registration for id: telemetry_modules_ping

###!!! [Child][MessageChannel::SendAndWait] Error: Channel error: cannot send/recv

1527029082673	geckodriver	INFO	geckodriver 0.20.1
1527029082687	geckodriver	INFO	Listening on 127.0.0.1:16009
1527029085701	mozrunner::runner	INFO	Running command: "C:\\Program Files (x86)\\Mozilla Firefox\\firefox.exe" "-marionette" "-profile" "C:\\Users\\Charly\\AppData\\Local\\Temp\\rust_mozprofile.oIPrXj3uicWh"
Unable to read VR Path Registry from C:\Users\Charly\AppData\Local\openvr\openvrpaths.vrpath
Unable to read VR Path Registry from C:\Users\Charly\AppData\Local\openvr\openvrpaths.vrpath
Unable to read VR Path Registry from C:\Users\Charly\AppData\Local\openvr\openvrpaths.vrpath
Unable to read VR Path Registry from C:\Users\Charly\AppData\Local\openvr\openvrpaths.vrpath
Unable to read VR Path Registry from C:\Users\Charly\AppData\Local\openvr\openvrpaths.vrpath
1527029090853	Marionette	INFO	Listening on port 16021
1527029091840	Marionette	WARN	TLS certificate errors will be ignored for this session
[Child 11972, Chrome_ChildThread] WARNING: pipe error: 109: file z:/build/build/src/ipc/chromium/src/chrome/common/ipc_channel_win.cc, line 346
[Child 1197[Parent 13280, Gecko_IOThread] WARNING: pipe error: 109: file z:/build/build/src/ipc/chromium/src/chrome/common/ipc_channel_win.cc, line 346
[Child 15672, Chrome_ChildThread] WARNING: pipe error: 109: file z:/build/build/src/ipc/chromium/src/chrome/common/ipc_channel_win.cc, line 346
[Child 156[Parent 13280, Gecko_IOThread] WARNING: pipe error: 109: file z:/build/build/src/ipc/chromium/src/chrome/common/ipc_channel_win.cc, line 346
[Child 3056, Chrome_ChildThread] WARNING: pipe error: 109: file z:/build/build/src/ipc/chromium/src/chrome/common/ipc_channel_win.cc, line 346
[Child 3056, Chr*** UTM:SVC TimerManager:registerTimer called after profile-before-change notification. Ignoring timer registration for id: telemetry_modules_ping

###!!! [Child][MessageChannel::SendAndWait] Error: Channel error: cannot send/recv

1527029182344	geckodriver	INFO	geckodriver 0.20.1
1527029182358	geckodriver	INFO	Listening on 127.0.0.1:16238
1527029185401	mozrunner::runner	INFO	Running command: "C:\\Program Files (x86)\\Mozilla Firefox\\firefox.exe" "-marionette" "-headless" "-profile" "C:\\Users\\Charly\\AppData\\Local\\Temp\\rust_mozprofile.L6kwhc5AEXmq"
*** You are running in headless mode.
Unable to read VR Path Registry from C:\Users\Charly\AppData\Local\openvr\openvrpaths.vrpath
Unable to read VR Path Registry from C:\Users\Charly\AppData\Local\openvr\openvrpaths.vrpath
Unable to read VR Path Registry from C:\Users\Charly\AppData\Local\openvr\openvrpaths.vrpath
Unable to read VR Path Registry from C:\Users\Charly\AppData\Local\openvr\openvrpaths.vrpath
1527029190266	Marionette	INFO	Listening on port 16250
1527029190904	Marionette	WARN	TLS certificate errors will be ignored for this session
[Child 11804, Chrome_ChildThread] WARNING: pipe error: 109: file z:/build/build/src/ipc/chromium/src/chrome/common/ipc_channel_win.cc, line 346
[Child 11804, [Parent 6752, Gecko_IOThread] WARNING: pipe error: 109: file z:/build/build/src/ipc/chromium/src/chrome/common/ipc_channel_win.cc, line 346
[Child 16092, Chrome_ChildThread] WARNING: pipe error: 109: file z:/build/build/src/ipc/chromium/src/chrome/common/ipc_channel_win.cc, line 346
[Child 16092, Ch[Parent 6752, Gecko_IOThread] WARNING: pipe error: 109: file z:/build/build/src/ipc/chromium/src/chrome/common/ipc_channel_win.cc, line 346
[Child 9568, Chrome_ChildThread] WARNING: pipe error: 109: file z:/build/build/src/ipc/chromium/src/chrome/common/ipc_channel_win.cc, line 346
[Child 9568,*** UTM:SVC TimerManager:registerTimer called after profile-before-change notification. Ignoring timer registration for id: telemetry_modules_ping
1527029232167	geckodriver	INFO	geckodriver 0.20.1
1527029232183	geckodriver	INFO	Listening on 127.0.0.1:16373
1527029235225	mozrunner::runner	INFO	Running command: "C:\\Program Files (x86)\\Mozilla Firefox\\firefox.exe" "-marionette" "-headless" "-profile" "C:\\Users\\Charly\\AppData\\Local\\Temp\\rust_mozprofile.OXmQ8MA4RBmW"
*** You are running in headless mode.
Unable to read VR Path Registry from C:\Users\Charly\AppData\Local\openvr\openvrpaths.vrpath
Unable to read VR Path Registry from C:\Users\Charly\AppData\Local\openvr\openvrpaths.vrpath
Unable to read VR Path Registry from C:\Users\Charly\AppData\Local\openvr\openvrpaths.vrpath
Unable to read VR Path Registry from C:\Users\Charly\AppData\Local\openvr\openvrpaths.vrpath
1527029240261	Marionette	INFO	Listening on port 16385
1527029240913	Marionette	WARN	TLS certificate errors will be ignored for this session
1527029243826	addons.xpi	WARN	Exception running bootstrap method shutdown on activity-stream@mozilla.org: [Exception... "Component returned failure code: 0x80004005 (NS_ERROR_FAILURE) [nsIObserverService.removeObserver]"  nsresult: "0x80004005 (NS_ERROR_FAILURE)"  location: "JS frame :: resource://activity-stream/lib/SnippetsFeed.jsm :: uninit :: line 185"  data: no] Stack trace: uninit()@resource://activity-stream/lib/SnippetsFeed.jsm:185
onAction()@resource://activity-stream/lib/SnippetsFeed.jsm:201
_middleware/</<()@resource://activity-stream/lib/Store.jsm:49
Store/this[method]()@resource://activity-stream/lib/Store.jsm:28
uninit()@resource://activity-stream/lib/Store.jsm:151
uninit()@resource://activity-stream/lib/ActivityStream.jsm:300
uninit()@resource://gre/modules/addons/XPIProvider.jsm -> jar:file:///C:/Program%20Files%20(x86)/Mozilla%20Firefox/browser/features/activity-stream@mozilla.org.xpi!/bootstrap.js:73
shutdown()@resource://gre/modules/addons/XPIProvider.jsm -> jar:file:///C:/Program%20Files%20(x86)/Mozilla%20Firefox/browser/features/activity-stream@mozilla.org.xpi!/bootstrap.js:169
callBootstrapMethod()@resource://gre/modules/addons/XPIProvider.jsm:4436
observe()@resource://gre/modules/addons/XPIProvider.jsm:2287
GeckoDriver.prototype.quit()@driver.js:3300
despatch()@server.js:293
execute()@server.js:267
onPacket/<()@server.js:242
onPacket()@server.js:241
_onJSONObjectReady/<()@transport.js:500
[Parent 16068, Gecko_IOThread] WARNING: pipe error: 109: file z:/build/build/src/ipc/chromium/src/chrome/common/ipc_channel_win.cc, line 346
[Child 10824, Chrome_ChildThread] WARNING: pipe error: 109: file z:/build/build/src/ipc/chromium/src/chrome/common/ipc_channel_win.cc, line 346
[Child 10[Parent 16068, Gecko_IOThread] WARNING: pipe error: 109: file z:/build/build/src/ipc/chromium/src/chrome/common/ipc_channel_win.cc, line 346
[Child 8796, Chrome_ChildThread] WARNING: pipe error: 109: file z:/build/build/src/ipc/chromium/src/chrome/common/ipc_channel_win.cc, line 346
[Child 8796[Parent 16068, Gecko_IOThread] WARNING: pipe error: 109: file z:/build/build/src/ipc/chromium/src/chrome/common/ipc_channel_win.cc, line 346
[Child 7672, Chrome_ChildThread] WARNING: pipe error: 109: file z:/build/build/src/ipc/chromium/src/chrome/common/ipc_channel_win.cc, line 346
[Child 767*** UTM:SVC TimerManager:registerTimer called after profile-before-change notification. Ignoring timer registration for id: telemetry_modules_ping
1527095892292	geckodriver	INFO	geckodriver 0.20.1
1527095892310	geckodriver	INFO	Listening on 127.0.0.1:19876
1527095895508	mozrunner::runner	INFO	Running command: "C:\\Program Files (x86)\\Mozilla Firefox\\firefox.exe" "-marionette" "-headless" "-profile" "C:\\Users\\Charly\\AppData\\Local\\Temp\\rust_mozprofile.yVf4HvRyJxWZ"
*** You are running in headless mode.
Unable to read VR Path Registry from C:\Users\Charly\AppData\Local\openvr\openvrpaths.vrpath
Unable to read VR Path Registry from C:\Users\Charly\AppData\Local\openvr\openvrpaths.vrpath
Unable to read VR Path Registry from C:\Users\Charly\AppData\Local\openvr\openvrpaths.vrpath
[Parent 9848, Gecko_IOThread] WARNING: pipe error: 109: file z:/build/build/src/ipc/chromium/src/chrome/common/ipc_channel_win.cc, line 346
[Child 13936, Chrome_ChildThread] WARNING: pipe error: 109: file z:/build/build/src/ipc/chromium/src/chrome/common/ipc_channel_win.cc, line 346
[Parent 9848, Gecko_IOThread] WARNING: file z:/build/build/src/ipc/chromium/src/base/process_util_win.cc, line 188
console.error: "Could not write session state file " (new Error("_initWorker called too early! Please read the session file from disk first.", "resource:///modules/sessionstore/SessionFile.jsm", 337)) "_initWorker/<@resource:///modules/sessionstore/SessionFile.jsm:337:15\n_initWorker@resource:///modules/sessionstore/SessionFile.jsm:330:12\n_postToWorker@resource:///modules/sessionstore/SessionFile.jsm:354:11\nwrite@resource:///modules/sessionstore/SessionFile.jsm:394:19\nwrite@resource:///modules/sessionstore/SessionFile.jsm:66:12\n_writeState@resource:///modules/sessionstore/SessionSaver.jsm:357:12\n_saveState@resource:///modules/sessionstore/SessionSaver.jsm:295:12\n_saveStateAsync@resource:///modules/sessionstore/SessionSaver.jsm:341:5\nsaveStateAsyncWhenIdle@resource:///modules/sessionstore/SessionSaver.jsm:192:9\n"
Unable to read VR Path Registry from C:\Users\Charly\AppData\Local\openvr\openvrpaths.vrpath
Unable to read VR Path Registry from C:\Users\Charly\AppData\Local\openvr\openvrpaths.vrpath
1527095941941	Marionette	INFO	Listening on port 19890
1527095944130	Marionette	WARN	TLS certificate errors will be ignored for this session
[Parent 9848, Gecko_IOThread] WARNING: pipe error: 109: file z:/build/build/src/ipc/chromium/src/chrome/common/ipc_channel_win.cc, line 346
[Child 13024, Chrome_ChildThread] WARNING: pipe error: 109: file z:/build/build/src/ipc/chromium/src/chrome/common/ipc_channel_win.cc, line 346
[Child 130[Parent 9848, Gecko_IOThread] WARNING: pipe error: 109: file z:/build/build/src/ipc/chromium/src/chrome/common/ipc_channel_win.cc, line 346
[Parent 9848, Gecko_IOThread] WARNING: pipe error: 109: file z:/build/build/src/ipc/chromium/src/chrome/common/ipc_channel_win.cc, line 346
[Child 15080, Chrome_ChildThread] WARNING: pipe error: 109: file z:/build/build/src/ipc/chromium/src/chrome/common/ipc_channel_win.cc, line 346
[Child 15[Child 11584, Chrome_ChildThread] WARNING: pipe error: 109: file z:/build/build/src/ipc/chromium/src/chrome/common/ipc_channel_win.cc, line 346
[Child 
###!!! [Parent][RunMessage] Error: Channel closing: too late to send/recv, messages will be lost

1527096822803	geckodriver	INFO	geckodriver 0.20.1
1527096822818	geckodriver	INFO	Listening on 127.0.0.1:21922
1527096825847	mozrunner::runner	INFO	Running command: "C:\\Program Files (x86)\\Mozilla Firefox\\firefox.exe" "-marionette" "-headless" "-profile" "C:\\Users\\Charly\\AppData\\Local\\Temp\\rust_mozprofile.xYHwVitIyfXS"
*** You are running in headless mode.
Unable to read VR Path Registry from C:\Users\Charly\AppData\Local\openvr\openvrpaths.vrpath
Unable to read VR Path Registry from C:\Users\Charly\AppData\Local\openvr\openvrpaths.vrpath
Unable to read VR Path Registry from C:\Users\Charly\AppData\Local\openvr\openvrpaths.vrpath
Unable to read VR Path Registry from C:\Users\Charly\AppData\Local\openvr\openvrpaths.vrpath
1527096831197	Marionette	INFO	Listening on port 21934
1527096831767	Marionette	WARN	TLS certificate errors will be ignored for this session
[Parent 16372, Gecko_IOThread] WARNING: pipe error: 109: file z:/build/build/src/ipc/chromium/src/chrome/common/ipc_channel_win.cc, line 346
[Parent 16372, Gecko_IOThread] WARNING: pipe error: 109: file z:/build/build/src/ipc/chromium/src/chrome/common/ipc_channel_win.cc, line 346
[Child 13404, Chrome_ChildThread] WARNING: pipe error: 109: file z:/build/build/src/ipc/chromium/src/chrome/common/ipc_channel_win.cc, line 346
[Child 1[Parent 16372, Gecko_IOThread] WARNING: pipe error: 109: file z:/build/build/src/ipc/chromium/src/chrome/common/ipc_channel_win.cc, line 346
*** UTM:SVC TimerManager:registerTimer called after profile-before-change notification. Ignoring timer registration for id: telemetry_modules_ping
1527096877231	geckodriver	INFO	geckodriver 0.20.1
1527096877244	geckodriver	INFO	Listening on 127.0.0.1:22100
1527096880230	mozrunner::runner	INFO	Running command: "C:\\Program Files (x86)\\Mozilla Firefox\\firefox.exe" "-marionette" "-headless" "-profile" "C:\\Users\\Charly\\AppData\\Local\\Temp\\rust_mozprofile.gVq5agyUKo5Q"
*** You are running in headless mode.
Unable to read VR Path Registry from C:\Users\Charly\AppData\Local\openvr\openvrpaths.vrpath
Unable to read VR Path Registry from C:\Users\Charly\AppData\Local\openvr\openvrpaths.vrpath
Unable to read VR Path Registry from C:\Users\Charly\AppData\Local\openvr\openvrpaths.vrpath
Unable to read VR Path Registry from C:\Users\Charly\AppData\Local\openvr\openvrpaths.vrpath
1527096885934	Marionette	INFO	Listening on port 22113
1527096886166	Marionette	WARN	TLS certificate errors will be ignored for this session
[Child 7584, Chrome_ChildThread] WARNING: pipe error: 109: file z:/build/build/src/ipc/chromium/src/chrome/common/ipc_channel_win.cc, line 346
[Child 7[Parent 13832, Gecko_IOThread] WARNING: pipe error: 109: file z:/build/build/src/ipc/chromium/src/chrome/common/ipc_channel_win.cc, line 346
[Child 13204, Chrome_ChildThread] WARNING: pipe error: 109: file z:/build/build/src/ipc/chromium/src/chrome/common/ipc_channel_win.cc, line 346
[Child 13[Parent 13832, Gecko_IOThread] WARNING: pipe error: 109: file z:/build/build/src/ipc/chromium/src/chrome/common/ipc_channel_win.cc, line 346
[Child 5588, Chrome_ChildThread] WARNING: pipe error: 109: file z:/build/build/src/ipc/chromium/src/chrome/common/ipc_channel_win.cc, line 346
[Child 55*** UTM:SVC TimerManager:registerTimer called after profile-before-change notification. Ignoring timer registration for id: telemetry_modules_ping
1527097024280	geckodriver	INFO	geckodriver 0.20.1
1527097024295	geckodriver	INFO	Listening on 127.0.0.1:22491
1527097027304	mozrunner::runner	INFO	Running command: "C:\\Program Files (x86)\\Mozilla Firefox\\firefox.exe" "-marionette" "-headless" "-profile" "C:\\Users\\Charly\\AppData\\Local\\Temp\\rust_mozprofile.ALKdJ3Awdfrr"
*** You are running in headless mode.
Unable to read VR Path Registry from C:\Users\Charly\AppData\Local\openvr\openvrpaths.vrpath
Unable to read VR Path Registry from C:\Users\Charly\AppData\Local\openvr\openvrpaths.vrpath
Unable to read VR Path Registry from C:\Users\Charly\AppData\Local\openvr\openvrpaths.vrpath
Unable to read VR Path Registry from C:\Users\Charly\AppData\Local\openvr\openvrpaths.vrpath
1527097033646	Marionette	INFO	Listening on port 22503
1527097033676	Marionette	WARN	TLS certificate errors will be ignored for this session
[Parent 15792, Gecko_IOThread] WARNING: pipe error: 109: file z:/build/build/src/ipc/chromium/src/chrome/common/ipc_channel_win.cc, line 346
[Child 10724, Chrome_ChildThread] WARNING: pipe error: 109: file z:/build/build/src/ipc/chromium/src/chrome/common/ipc_channel_win.cc, line 346
[Child 10724[Parent 15792, Gecko_IOThread] WARNING: pipe error: 109: file z:/build/build/src/ipc/chromium/src/chrome/common/ipc_channel_win.cc, line 346
[Parent 15792, Gecko_IOThread] WARNING: pipe error: 109: file z:/build/build/src/ipc/chromium/src/chrome/common/ipc_channel_win.cc, line 346
[Child 11628, Chrome_ChildThread] WARNING: pipe error: 109: file z:/build/build/src/ipc/chromium/src/chrome/common/ipc_channel_win.cc, line 346
[Child 11628, 1527097429067	geckodriver	INFO	geckodriver 0.20.1
1527097429067	geckodriver	INFO	Listening on 127.0.0.1:23285
1527097432069	mozrunner::runner	INFO	Running command: "C:\\Program Files (x86)\\Mozilla Firefox\\firefox.exe" "-marionette" "-profile" "C:\\Users\\Charly\\AppData\\Local\\Temp\\rust_mozprofile.ZxIZsYhIjSZg"
Unable to read VR Path Registry from C:\Users\Charly\AppData\Local\openvr\openvrpaths.vrpath
Unable to read VR Path Registry from C:\Users\Charly\AppData\Local\openvr\openvrpaths.vrpath
Unable to read VR Path Registry from C:\Users\Charly\AppData\Local\openvr\openvrpaths.vrpath
Unable to read VR Path Registry from C:\Users\Charly\AppData\Local\openvr\openvrpaths.vrpath
1527097440764	Marionette	INFO	Listening on port 23297
1527097442117	Marionette	WARN	TLS certificate errors will be ignored for this session
Unable to read VR Path Registry from C:\Users\Charly\AppData\Local\openvr\openvrpaths.vrpath
[Child 8504, Chrome_ChildThread] WARNING: pipe error: 109: file z:/build/build/src/ipc/chromium/src/chrome/common/ipc_channel_win.cc, line 346
[Child 85[Child 1712, Chrome_ChildThread] WARNING: pipe error: 109: file z:/build/build/src/ipc/chromium/src/chrome/common/ipc_channel_win.cc, line 346
[Child 1712[Parent 10716, Gecko_IOThread] WARNING: pipe error: 109: file z:/build/build/src/ipc/chromium/src/chrome/common/ipc_channel_win.cc, line 346
[Child 8820, Chrome_ChildThread] WARNING: pipe error: 109: file z:/build/build/src/ipc/chromium/src/chrome/common/ipc_channel_win.cc, line 346
[Child 8820[GPU 8744[Parent 10716, Gecko_IOThread] WARNING: pipe error: 232: file z:/build/build/src/ipc/chromium/src/chrome/common/ipc_channel_win.cc, line 513
1527097605535	geckodriver	INFO	geckodriver 0.20.1
1527097605550	geckodriver	INFO	Listening on 127.0.0.1:23752
1527097608585	mozrunner::runner	INFO	Running command: "C:\\Program Files (x86)\\Mozilla Firefox\\firefox.exe" "-marionette" "-profile" "C:\\Users\\Charly\\AppData\\Local\\Temp\\rust_mozprofile.ixghHqQauEOC"
Unable to read VR Path Registry from C:\Users\Charly\AppData\Local\openvr\openvrpaths.vrpath
Unable to read VR Path Registry from C:\Users\Charly\AppData\Local\openvr\openvrpaths.vrpath
Unable to read VR Path Registry from C:\Users\Charly\AppData\Local\openvr\openvrpaths.vrpath
Unable to read VR Path Registry from C:\Users\Charly\AppData\Local\openvr\openvrpaths.vrpath
Unable to read VR Path Registry from C:\Users\Charly\AppData\Local\openvr\openvrpaths.vrpath
1527097614802	Marionette	INFO	Listening on port 23765
1527097615290	Marionette	WARN	TLS certificate errors will be ignored for this session
console.warn: LoginRecipes: getRecipes: falling back to a synchronous message for: https://129.158.112.190
console.warn: nsLoginManager: searchLogins: `formSubmitURL` or `httpRealm` is recommended
[Parent 10616, Gecko_IOThread] WARNING: pipe error: 109: file z:/build/build/src/ipc/chromium/src/chrome/common/ipc_channel_win.cc, line 346
[Child 15072, Chrome_ChildThread] WARNING: pipe error: 109: file z:/build/build/src/ipc/chromium/src/chrome/common/ipc_channel_win.cc, line 346
[Child 15[Child 4984, Chrome_ChildThread] WARNING: pipe error: 109: file z:/build/build/src/ipc/chromium/src/chrome/common/ipc_channel_win.cc, line 346
[Child 4984, Chrome[Parent 10616, Gecko_IOThread] WARNING: pipe error: 109: file z:/build/build/src/ipc/chromium/src/chrome/common/ipc_channel_win.cc, line 346
[Child 14320, Chrome_ChildThread] WARNING: pipe error: 109: file z:/build/build/src/ipc/chromium/src/chrome/common/ipc_channel_win.cc, line 346
[Child 1432[GPU 1561527097845347	geckodriver	INFO	geckodriver 0.20.1
1527097845363	geckodriver	INFO	Listening on 127.0.0.1:24191
1527097848398	mozrunner::runner	INFO	Running command: "C:\\Program Files (x86)\\Mozilla Firefox\\firefox.exe" "-marionette" "-profile" "C:\\Users\\Charly\\AppData\\Local\\Temp\\rust_mozprofile.MSiytiOzcMGX"
Unable to read VR Path Registry from C:\Users\Charly\AppData\Local\openvr\openvrpaths.vrpath
Unable to read VR Path Registry from C:\Users\Charly\AppData\Local\openvr\openvrpaths.vrpath
Unable to read VR Path Registry from C:\Users\Charly\AppData\Local\openvr\openvrpaths.vrpath
Unable to read VR Path Registry from C:\Users\Charly\AppData\Local\openvr\openvrpaths.vrpath
Unable to read VR Path Registry from C:\Users\Charly\AppData\Local\openvr\openvrpaths.vrpath
1527097854347	Marionette	INFO	Listening on port 24203
1527097855418	Marionette	WARN	TLS certificate errors will be ignored for this session
[Parent 16352, Gecko_IOThread] WARNING: pipe error: 109: file z:/build/build/src/ipc/chromium/src/chrome/common/ipc_channel_win.cc, line 346
[Parent 16352, Gecko_IOThread] WARNING: pipe error: 109: file z:/build/build/src/ipc/chromium/src/chrome/common/ipc_channel_win.cc, line 346
[Child 1428, Chrome_ChildThread] WARNING: pipe error: 109: file z:/build/build/src/ipc/chromium/src/chrome/common/ipc_channel_win.cc, line 346
[Ch[Parent 16352, Gecko_IOThread] WARNING: pipe error: 109: file z:/build/build/src/ipc/chromium/src/chrome/common/ipc_channel_win.cc, line 346
[Child 9916, Chrome_ChildThread] WARNING: pipe error: 109: file z:/build/build/src/ipc/chromium/src/chrome/common/ipc_channel_win.cc, line 346
[Child 9916, Chro[Parent 16352, Gecko_IOThread] WARNING: pipe error: 109: file z:/build/build/src/ipc/chromium/src/chrome/common/ipc_channel_win.cc, line 346
[Child 1968, Chrome_ChildThread] WARNING: pipe error: 109: file z:/build/build/src/ipc/chromium/src/chrome/common/ipc_channel_win.cc, line 346
[Child 19681527100681741	geckodriver	INFO	geckodriver 0.20.1
1527100681757	geckodriver	INFO	Listening on 127.0.0.1:29945
1527100684800	mozrunner::runner	INFO	Running command: "C:\\Program Files (x86)\\Mozilla Firefox\\firefox.exe" "-marionette" "-profile" "C:\\Users\\Charly\\AppData\\Local\\Temp\\rust_mozprofile.K1AvYZAkaH1l"
Unable to read VR Path Registry from C:\Users\Charly\AppData\Local\openvr\openvrpaths.vrpath
Unable to read VR Path Registry from C:\Users\Charly\AppData\Local\openvr\openvrpaths.vrpath
Unable to read VR Path Registry from C:\Users\Charly\AppData\Local\openvr\openvrpaths.vrpath
Unable to read VR Path Registry from C:\Users\Charly\AppData\Local\openvr\openvrpaths.vrpath
Unable to read VR Path Registry from C:\Users\Charly\AppData\Local\openvr\openvrpaths.vrpath
1527100689524	Marionette	INFO	Listening on port 29959
1527100690104	Marionette	WARN	TLS certificate errors will be ignored for this session
[Parent 15608, Gecko_IOThread] WARNING: pipe error: 109: file z:/build/build/src/ipc/chromium/src/chrome/common/ipc_channel_win.cc, line 346
[Parent 15608, Gecko_IOThread] WARNING: pipe error: 109: file z:/build/build/src/ipc/chromium/src/chrome/common/ipc_channel_win.cc, line 346
[Child 14308, Chrome_ChildThread] WARNING: pipe error: 109: file z:/bui[Child 1ld/bui2908, Chrld/src/ipc/chromium/src/chrome/common/ipc_channel_win.cc, line 34o6
me_ChildThread] WARN[Child ING: pipe error: 109: file z:/build/build/src/ipc/chromium/src/chrome/common/ipc_channel_win.cc, line 346
[Child 12908[Parent 15608, Gecko_IOThread] WARNING: pipe error: 109: file z:/build/build/src/ipc/chromium/src/chrome/common/ipc_channel_win.cc, line 346
[Child 12368, Chrome_ChildThread] WARNING: pipe error: 109: file z:/build/build/src/ipc/chromium/src/chrome/common/ipc_channel_win.cc, line 346
[Child 12[GPU 14596, Chrome_
###!!! [Child][MessageChannel::SendAndWait] Error: Channel error: cannot send/recv

1527100857757	geckodriver	INFO	geckodriver 0.20.1
1527100857773	geckodriver	INFO	Listening on 127.0.0.1:30392
1527100860820	mozrunner::runner	INFO	Running command: "C:\\Program Files (x86)\\Mozilla Firefox\\firefox.exe" "-marionette" "-profile" "C:\\Users\\Charly\\AppData\\Local\\Temp\\rust_mozprofile.9KxZZPMfOCIi"
Unable to read VR Path Registry from C:\Users\Charly\AppData\Local\openvr\openvrpaths.vrpath
Unable to read VR Path Registry from C:\Users\Charly\AppData\Local\openvr\openvrpaths.vrpath
Unable to read VR Path Registry from C:\Users\Charly\AppData\Local\openvr\openvrpaths.vrpath
Unable to read VR Path Registry from C:\Users\Charly\AppData\Local\openvr\openvrpaths.vrpath
Unable to read VR Path Registry from C:\Users\Charly\AppData\Local\openvr\openvrpaths.vrpath
1527100867427	Marionette	INFO	Listening on port 30404
1527100868276	Marionette	WARN	TLS certificate errors will be ignored for this session
[Parent 9148, Gecko_IOThread] WARNING: pipe error: 109: file z:/build/build/src/ipc/chromium/src/chrome/common/ipc_channel_win.cc, line 346
[Child 11080, Chrome_ChildThread] WARNING: pipe error: 109: file z:/build/build/src/ipc/chromium/src/chrome/common/ipc_channel_win.cc, line 346
[Child 11080Unable to read VR Path Registry from C:\Users\Charly\AppData\Local\openvr\openvrpaths.vrpath
[Parent 9148, Gecko_IOThread] WARNING: pipe error: 109: file z:/build/build/src/ipc/chromium/src/chrome/common/ipc_channel_win.cc, line 346
[Parent 9148, Gecko_IOThread] WARNING: pipe error: 109: file z:/build/build/src/ipc/chromium/src/chrome/common/ipc_channel_win.cc, line 346
[Child 548, Chrome_ChildThread] WARNING: pipe error: 109: file z:/build/build/src/ipc/chromium/src/chrome/common/ipc_channel_win.cc, line 346
[Child 54[Parent 9148, Gecko_IOThread] WARNING: pipe error: 109: file z:/build/build/src/ipc/chromium/src/chrome/common/ipc_channel_win.cc, line 346
[Child 14920, Chrome_ChildThread] WARNING: pipe error: 109: file z:/build/build/src/ipc/chromium/src/chrome/common/ipc_channel_win.cc, line 346
[Child 14920[GPU 11128, Chrome_Ch
###!!! [Child][MessageChannel::SendAndWait] Error: Channel error: cannot send/recv

1527101039617	geckodriver	INFO	geckodriver 0.20.1
1527101039617	geckodriver	INFO	Listening on 127.0.0.1:30861
1527101042664	mozrunner::runner	INFO	Running command: "C:\\Program Files (x86)\\Mozilla Firefox\\firefox.exe" "-marionette" "-profile" "C:\\Users\\Charly\\AppData\\Local\\Temp\\rust_mozprofile.7O0v2I5RzaX0"
Unable to read VR Path Registry from C:\Users\Charly\AppData\Local\openvr\openvrpaths.vrpath
Unable to read VR Path Registry from C:\Users\Charly\AppData\Local\openvr\openvrpaths.vrpath
Unable to read VR Path Registry from C:\Users\Charly\AppData\Local\openvr\openvrpaths.vrpath
Unable to read VR Path Registry from C:\Users\Charly\AppData\Local\openvr\openvrpaths.vrpath
Unable to read VR Path Registry from C:\Users\Charly\AppData\Local\openvr\openvrpaths.vrpath
1527101048770	Marionette	INFO	Listening on port 30873
1527101049912	Marionette	WARN	TLS certificate errors will be ignored for this session
1527221461391	geckodriver	INFO	geckodriver 0.20.1
1527221461408	geckodriver	INFO	Listening on 127.0.0.1:10985
1527221464380	mozrunner::runner	INFO	Running command: "C:\\Program Files (x86)\\Mozilla Firefox\\firefox.exe" "-marionette" "-headless" "-profile" "C:\\Users\\Carlos\\AppData\\Local\\Temp\\rust_mozprofile.LfVp39dvCc2n"
*** You are running in headless mode.
Unable to read VR Path Registry from C:\Users\Carlos\AppData\Local\openvr\openvrpaths.vrpath
Unable to read VR Path Registry from C:\Users\Carlos\AppData\Local\openvr\openvrpaths.vrpath
Unable to read VR Path Registry from C:\Users\Carlos\AppData\Local\openvr\openvrpaths.vrpath
Unable to read VR Path Registry from C:\Users\Carlos\AppData\Local\openvr\openvrpaths.vrpath
1527221467042	Marionette	INFO	Listening on port 10995
1527221467510	Marionette	WARN	TLS certificate errors will be ignored for this session
[Parent 5360, Gecko_IOThread] WARNING: pipe error: 109: file z:/build/build/src/ipc/chromium/src/chrome/common/ipc_channel_win.cc, line 346
[Child 19736, Chrome_ChildThread] WARNING: pipe error: 109: file z:/build/build/src/ipc/chromium/src/chrome/common/ipc_channel_win.cc, line 346
[Child 19736, Chrome_ChildThread] WARNING: pipe error: 109:[Child 18672, Chrome_ChildThread] WARNING: pipe error: 109: file z:/build/build/src/ipc/chromium/src/chrome/common/ipc_channel_win.cc, line 346
[Child 18672, Chrome_ChildThread] WARNING: pipe error: 109: file z:/build/build/src/ipc/chromium/src/chrome/com[Child 16988, Chrome_ChildThread] WARNING: pipe error: 109: file z:/build/build/src/ipc/chromium/src/chrome/common/ipc_channel_win.cc, line 346
[Child 16*** UTM:SVC TimerManager:registerTimer called after profile-before-change notification. Ignoring timer registration for id: telemetry_modules_ping
1527221502225	geckodriver	INFO	geckodriver 0.20.1
1527221502248	geckodriver	INFO	Listening on 127.0.0.1:11048
1527221505209	mozrunner::runner	INFO	Running command: "C:\\Program Files (x86)\\Mozilla Firefox\\firefox.exe" "-marionette" "-profile" "C:\\Users\\Carlos\\AppData\\Local\\Temp\\rust_mozprofile.kQ65w3oCaz4w"
Unable to read VR Path Registry from C:\Users\Carlos\AppData\Local\openvr\openvrpaths.vrpath
Unable to read VR Path Registry from C:\Users\Carlos\AppData\Local\openvr\openvrpaths.vrpath
Unable to read VR Path Registry from C:\Users\Carlos\AppData\Local\openvr\openvrpaths.vrpath
Unable to read VR Path Registry from C:\Users\Carlos\AppData\Local\openvr\openvrpaths.vrpath
Unable to read VR Path Registry from C:\Users\Carlos\AppData\Local\openvr\openvrpaths.vrpath
1527221507628	Marionette	INFO	Listening on port 11056
1527221508336	Marionette	WARN	TLS certificate errors will be ignored for this session
IPDL protocol error: Handler returned error code!

###!!! [Parent][DispatchAsyncMessage] Error: PImageBridge::Msg_Update Processing error: message was deserialized, but the handler returned false (indicating failure)

IPDL protocol error: Handler returned error code!

###!!! [Parent][DispatchAsyncMessage] Error: PImageBridge::Msg_Update Processing error: message was deserialized, but the handler returned false (indicating failure)

[Parent 19948, Gecko_IOThread] WARNING: pipe error: 109: file z:/build/build/src/ipc/chromium/src/chrome/common/ipc_channel_win.cc, line 346
[Child 6400, Chrome_ChildThread] WARNING: pipe error: 109: file z:/build/build/src/ipc/chromium/src/chrome/common/ipc_channel_win.cc, line 346
[Child 6400, Chrome_Child[Parent 19948, Gecko_IOThread] WARNING: pipe error: 109: file z:/build/build/src/ipc/chromium/src/chrome/common/ipc_channel_win.cc, line 346

###!!! [Child][MessageChannel::SendAndWait] Error: Channel error: cannot send/recv

1527221721667	geckodriver	INFO	geckodriver 0.20.1
1527221721684	geckodriver	INFO	Listening on 127.0.0.1:11340
1527221724673	mozrunner::runner	INFO	Running command: "C:\\Program Files (x86)\\Mozilla Firefox\\firefox.exe" "-marionette" "-profile" "C:\\Users\\Carlos\\AppData\\Local\\Temp\\rust_mozprofile.WGREtU352WCP"
Unable to read VR Path Registry from C:\Users\Carlos\AppData\Local\openvr\openvrpaths.vrpath
Unable to read VR Path Registry from C:\Users\Carlos\AppData\Local\openvr\openvrpaths.vrpath
Unable to read VR Path Registry from C:\Users\Carlos\AppData\Local\openvr\openvrpaths.vrpath
Unable to read VR Path Registry from C:\Users\Carlos\AppData\Local\openvr\openvrpaths.vrpath
Unable to read VR Path Registry from C:\Users\Carlos\AppData\Local\openvr\openvrpaths.vrpath
1527221727475	Marionette	INFO	Listening on port 11348
1527221727817	Marionette	WARN	TLS certificate errors will be ignored for this session
console.warn: LoginRecipes: getRecipes: falling back to a synchronous message for: https://giphy.com
console.warn: nsLoginManager: searchLogins: `formSubmitURL` or `httpRealm` is recommended
console.warn: LoginRecipes: getRecipes: falling back to a synchronous message for: https://giphy.com
console.warn: nsLoginManager: searchLogins: `formSubmitURL` or `httpRealm` is recommended
JavaScript error: resource://devtools/shared/base-loader.js -> resource://devtools/server/actors/tab.js, line 1406: TypeError: this._tabPool is null
JavaScript error: resource://devtools/shared/base-loader.js -> resource://devtools/server/actors/tab.js, line 1406: TypeError: this._tabPool is null
JavaScript error: resource://devtools/shared/base-loader.js -> resource://devtools/server/actors/tab.js, line 1406: TypeError: this._tabPool is null
JavaScript error: resource://devtools/shared/base-loader.js -> resource://devtools/server/actors/tab.js, line 1406: TypeError: this._tabPool is null
JavaScript error: resource://devtools/shared/base-loader.js -> resource://devtools/server/actors/tab.js, line 1406: TypeError: this._tabPool is null
JavaScript error: resource://devtools/shared/base-loader.js -> resource://devtools/server/actors/tab.js, line 1406: TypeError: this._tabPool is null
JavaScript error: resource://devtools/shared/base-loader.js -> resource://devtools/server/actors/tab.js, line 1406: TypeError: this._tabPool is null
JavaScript error: resource://devtools/shared/base-loader.js -> resource://devtools/server/actors/tab.js, line 1406: TypeError: this._tabPool is null
JavaScript error: resource://devtools/shared/base-loader.js -> resource://devtools/server/actors/tab.js, line 1406: TypeError: this._tabPool is null
JavaScript error: resource://devtools/shared/base-loader.js -> resource://devtools/server/actors/tab.js, line 1406: TypeError: this._tabPool is null
JavaScript error: resource://devtools/shared/base-loader.js -> resource://devtools/server/actors/tab.js, line 1406: TypeError: this._tabPool is null
JavaScript error: resource://devtools/shared/base-loader.js -> resource://devtools/server/actors/tab.js, line 1406: TypeError: this._tabPool is null
JavaScript error: resource://devtools/shared/base-loader.js -> resource://devtools/server/actors/tab.js, line 1406: TypeError: this._tabPool is null
JavaScript error: resource://devtools/shared/base-loader.js -> resource://devtools/server/actors/tab.js, line 1406: TypeError: this._tabPool is null
JavaScript error: resource://devtools/shared/base-loader.js -> resource://devtools/server/actors/tab.js, line 1406: TypeError: this._tabPool is null
JavaScript error: resource://devtools/shared/base-loader.js -> resource://devtools/server/actors/tab.js, line 1406: TypeError: this._tabPool is null
JavaScript error: resource://devtools/shared/base-loader.js -> resource://devtools/server/actors/tab.js, line 1406: TypeError: this._tabPool is null
JavaScript error: resource://devtools/shared/base-loader.js -> resource://devtools/server/actors/tab.js, line 1406: TypeError: this._tabPool is null
JavaScript error: resource://devtools/shared/base-loader.js -> resource://devtools/server/actors/tab.js, line 1406: TypeError: this._tabPool is null
JavaScript error: resource://devtools/shared/base-loader.js -> resource://devtools/server/actors/tab.js, line 1406: TypeError: this._tabPool is null
JavaScript error: resource://devtools/shared/base-loader.js -> resource://devtools/server/actors/tab.js, line 1406: TypeError: this._tabPool is null
JavaScript error: resource://devtools/shared/base-loader.js -> resource://devtools/server/actors/tab.js, line 1406: TypeError: this._tabPool is null
JavaScript error: resource://devtools/shared/base-loader.js -> resource://devtools/server/actors/tab.js, line 1406: TypeError: this._tabPool is null
JavaScript error: resource://devtools/shared/base-loader.js -> resource://devtools/server/actors/tab.js, line 1406: TypeError: this._tabPool is null
JavaScript error: resource://devtools/shared/base-loader.js -> resource://devtools/server/actors/tab.js, line 1406: TypeError: this._tabPool is null
JavaScript error: resource://devtools/shared/base-loader.js -> resource://devtools/server/actors/tab.js, line 1406: TypeError: this._tabPool is null
JavaScript error: resource://devtools/shared/base-loader.js -> resource://devtools/server/actors/tab.js, line 1406: TypeError: this._tabPool is null
JavaScript error: resource://devtools/shared/base-loader.js -> resource://devtools/server/actors/tab.js, line 1406: TypeError: this._tabPool is null
JavaScript error: resource://devtools/shared/base-loader.js -> resource://devtools/server/actors/tab.js, line 1406: TypeError: this._tabPool is null
JavaScript error: resource://devtools/shared/base-loader.js -> resource://devtools/server/actors/tab.js, line 1406: TypeError: this._tabPool is null
JavaScript error: resource://devtools/shared/base-loader.js -> resource://devtools/server/actors/tab.js, line 1406: TypeError: this._tabPool is null
JavaScript error: resource://devtools/shared/base-loader.js -> resource://devtools/server/actors/tab.js, line 1406: TypeError: this._tabPool is null
JavaScript error: resource://devtools/shared/base-loader.js -> resource://devtools/server/actors/tab.js, line 1406: TypeError: this._tabPool is null
JavaScript error: resource://devtools/shared/base-loader.js -> resource://devtools/server/actors/tab.js, line 1406: TypeError: this._tabPool is null
JavaScript error: resource://devtools/shared/base-loader.js -> resource://devtools/server/actors/tab.js, line 1406: TypeError: this._tabPool is null
JavaScript error: resource://devtools/shared/base-loader.js -> resource://devtools/server/actors/tab.js, line 1406: TypeError: this._tabPool is null
JavaScript error: resource://devtools/shared/base-loader.js -> resource://devtools/server/actors/tab.js, line 1406: TypeError: this._tabPool is null
Handler function DebuggerProgressListener.prototype.onStateChange threw an exception: [Exception... "Component returned failure code: 0x80004002 (NS_NOINTERFACE) [nsIWebProgress.DOMWindow]"  nsresult: "0x80004002 (NS_NOINTERFACE)"  location: "JS frame :: resource://devtools/shared/base-loader.js -> resource://devtools/server/actors/tab.js :: _docShellToWindow :: line 768"  data: no]
Stack: _docShellToWindow@resource://devtools/shared/base-loader.js -> resource://devtools/server/actors/tab.js:768:9
_docShellsToWindows/<@resource://devtools/shared/base-loader.js -> resource://devtools/server/actors/tab.js:792:38
_docShellsToWindows@resource://devtools/shared/base-loader.js -> resource://devtools/server/actors/tab.js:792:12
_notifyDocShellsUpdate@resource://devtools/shared/base-loader.js -> resource://devtools/server/actors/tab.js:796:19
DebuggerProgressListener.prototype.onStateChange<@resource://devtools/shared/base-loader.js -> resource://devtools/server/actors/tab.js:1624:7
exports.makeInfallible/<@resource://devtools/shared/base-loader.js -> resource://devtools/shared/ThreadSafeDevToolsUtils.js:109:14
Line: 768, column: 0
console.error: "Handler function DebuggerProgressListener.prototype.onStateChange threw an exception: [Exception... \"Component returned failure code: 0x80004002 (NS_NOINTERFACE) [nsIWebProgress.DOMWindow]\"  nsresult: \"0x80004002 (NS_NOINTERFACE)\"  location: \"JS frame :: resource://devtools/shared/base-loader.js -> resource://devtools/server/actors/tab.js :: _docShellToWindow :: line 768\"  data: no]\nStack: _docShellToWindow@resource://devtools/shared/base-loader.js -> resource://devtools/server/actors/tab.js:768:9\n_docShellsToWindows/<@resource://devtools/shared/base-loader.js -> resource://devtools/server/actors/tab.js:792:38\n_docShellsToWindows@resource://devtools/shared/base-loader.js -> resource://devtools/server/actors/tab.js:792:12\n_notifyDocShellsUpdate@resource://devtools/shared/base-loader.js -> resource://devtools/server/actors/tab.js:796:19\nDebuggerProgressListener.prototype.onStateChange<@resource://devtools/shared/base-loader.js -> resource://devtools/server/actors/tab.js:1624:7\nexports.makeInfallible/<@resource://devtools/shared/base-loader.js -> resource://devtools/shared/ThreadSafeDevToolsUtils.js:109:14\nLine: 768, column: 0"
Handler function DebuggerProgressListener.prototype.onStateChange threw an exception: [Exception... "Component returned failure code: 0x80004002 (NS_NOINTERFACE) [nsIWebProgress.DOMWindow]"  nsresult: "0x80004002 (NS_NOINTERFACE)"  location: "JS frame :: resource://devtools/shared/base-loader.js -> resource://devtools/server/actors/tab.js :: DebuggerProgressListener.prototype.onStateChange< :: line 1627"  data: no]
Stack: DebuggerProgressListener.prototype.onStateChange<@resource://devtools/shared/base-loader.js -> resource://devtools/server/actors/tab.js:1627:9
exports.makeInfallible/<@resource://devtools/shared/base-loader.js -> resource://devtools/shared/ThreadSafeDevToolsUtils.js:109:14
Line: 1627, column: 0
console.error: "Handler function DebuggerProgressListener.prototype.onStateChange threw an exception: [Exception... \"Component returned failure code: 0x80004002 (NS_NOINTERFACE) [nsIWebProgress.DOMWindow]\"  nsresult: \"0x80004002 (NS_NOINTERFACE)\"  location: \"JS frame :: resource://devtools/shared/base-loader.js -> resource://devtools/server/actors/tab.js :: DebuggerProgressListener.prototype.onStateChange< :: line 1627\"  data: no]\nStack: DebuggerProgressListener.prototype.onStateChange<@resource://devtools/shared/base-loader.js -> resource://devtools/server/actors/tab.js:1627:9\nexports.makeInfallible/<@resource://devtools/shared/base-loader.js -> resource://devtools/shared/ThreadSafeDevToolsUtils.js:109:14\nLine: 1627, column: 0"
JavaScript error: resource://devtools/shared/base-loader.js -> resource://devtools/server/actors/tab.js, line 1406: TypeError: this._tabPool is null
[Parent 19828, Gecko_IOThread] WARNING: pipe error: 109: file z:/build/build/src/ipc/chromium/src/chrome/common/ipc_channel_win.cc, line 346
[Child 19224, Chrome_ChildThread] WARNING: pipe error: 109: file z:/build/build/src/ipc/chromium/src/chrome/common/ipc_channel_win.cc, line 346
[Child 19224, Chrome_ChildIPDL protocol error: Handler returned error code!

###!!! [Parent][DispatchAsyncMessage] Error: PImageBridge::Msg_Update Processing error: message was deserialized, but the handler returned false (indicating failure)

IPDL protocol error: Handler returned error code!

###!!! [Parent][DispatchAsyncMessage] Error: PImageBridge::Msg_Update Processing error: message was deserialized, but the handler returned false (indicating failure)

IPDL protocol error: Handler returned error code!

###!!! [Parent][DispatchAsyncMessage] Error: PImageBridge::Msg_Update Processing error: message was deserialized, but the handler returned false (indicating failure)

IPDL protocol error: Handler returned error code!

###!!! [Parent][DispatchAsyncMessage] Error: PImageBridge::Msg_Update Processing error: message was deserialized, but the handler returned false (indicating failure)

IPDL protocol error: Handler returned error code!

###!!! [Parent][DispatchAsyncMessage] Error: PImageBridge::Msg_Update Processing error: message was deserialized, but the handler returned false (indicating failure)

IPDL protocol error: Handler returned error code!

###!!! [Parent][DispatchAsyncMessage] Error: PImageBridge::Msg_Update Processing error: message was deserialized, but the handler returned false (indicating failure)

IPDL protocol error: Handler returned error code!

###!!! [Parent][DispatchAsyncMessage] Error: PImageBridge::Msg_Update Processing error: message was deserialized, but the handler returned false (indicating failure)

IPDL protocol error: Handler returned error code!

###!!! [Parent][DispatchAsyncMessage] Error: PImageBridge::Msg_Update Processing error: message was deserialized, but the handler returned false (indicating failure)

IPDL protocol error: Handler returned error code!

###!!! [Parent][DispatchAsyncMessage] Error: PImageBridge::Msg_Update Processing error: message was deserialized, but the handler returned false (indicating failure)

IPDL protocol error: Handler returned error code!

###!!! [Parent][DispatchAsyncMessage] Error: PImageBridge::Msg_Update Processing error: message was deserialized, but the handler returned false (indicating failure)

IPDL protocol error: Handler returned error code!

###!!! [Parent][DispatchAsyncMessage] Error: PImageBridge::Msg_Update Processing error: message was deserialized, but the handler returned false (indicating failure)

IPDL protocol error: Handler returned error code!

###!!! [Parent][DispatchAsyncMessage] Error: PImageBridge::Msg_Update Processing error: message was deserialized, but the handler returned false (indicating failure)

IPDL protocol error: Handler returned error code!

###!!! [Parent][DispatchAsyncMessage] Error: PImageBridge::Msg_Update Processing error: message was deserialized, but the handler returned false (indicating failure)

IPDL protocol error: Handler returned error code!

###!!! [Parent][DispatchAsyncMessage] Error: PImageBridge::Msg_Update Processing error: message was deserialized, but the handler returned false (indicating failure)

IPDL protocol error: Handler returned error code!

###!!! [Parent][DispatchAsyncMessage] Error: PImageBridge::Msg_Update Processing error: message was deserialized, but the handler returned false (indicating failure)

IPDL protocol error: Handler returned error code!

###!!! [Parent][DispatchAsyncMessage] Error: PImageBridge::Msg_Update Processing error: message was deserialized, but the handler returned false (indicating failure)

IPDL protocol error: Handler returned error code!

###!!! [Parent][DispatchAsyncMessage] Error: PLayerTransaction::Msg_ReleaseLayer Processing error: message was deserialized, but the handler returned false (indicating failure)

IPDL protocol error: Handler returned error code!

###!!! [Parent][DispatchAsyncMessage] Error: PLayerTransaction::Msg_ReleaseLayer Processing error: message was deserialized, but the handler returned false (indicating failure)

IPDL protocol error: Handler returned error code!

###!!! [Parent][DispatchAsyncMessage] Error: PImageBridge::Msg_Update Processing error: message was deserialized, but the handler returned false (indicating failure)

[Child 21176,[Parent 19828, Gecko_IOThread] WARNING: pipe error: 109: file z:/build/build/src/ipc/chromium/src/chrome/common/ipc_channel_win.cc, line 346

###!!! [Child][MessageChannel::SendAndWait] Error: Channel error: cannot send/recv

1527222262172	geckodriver	INFO	geckodriver 0.20.1
1527222262185	geckodriver	INFO	Listening on 127.0.0.1:11612
1527222265171	mozrunner::runner	INFO	Running command: "C:\\Program Files (x86)\\Mozilla Firefox\\firefox.exe" "-marionette" "-profile" "C:\\Users\\Carlos\\AppData\\Local\\Temp\\rust_mozprofile.BfBIm5AmIJyG"
Unable to read VR Path Registry from C:\Users\Carlos\AppData\Local\openvr\openvrpaths.vrpath
Unable to read VR Path Registry from C:\Users\Carlos\AppData\Local\openvr\openvrpaths.vrpath
Unable to read VR Path Registry from C:\Users\Carlos\AppData\Local\openvr\openvrpaths.vrpath
Unable to read VR Path Registry from C:\Users\Carlos\AppData\Local\openvr\openvrpaths.vrpath
Unable to read VR Path Registry from C:\Users\Carlos\AppData\Local\openvr\openvrpaths.vrpath
1527222267662	Marionette	INFO	Listening on port 11620
1527222268296	Marionette	WARN	TLS certificate errors will be ignored for this session
IPDL protocol error: Handler returned error code!

###!!! [Parent][DispatchAsyncMessage] Error: PImageBridge::Msg_Update Processing error: message was deserialized, but the handler returned false (indicating failure)

[Child 21000, Chrome_ChildThread] WARNING: pipe error: 109: file z:/build/build/src/ipc/chromium/src/chrome/common/ipc_channel_win.cc, line 346
[Child 21000, Chrome_ChildThread] WARNING: pipe error: 109: file z:/build/build/src/ipc/[Parent 20760, Gecko_IOThread] WARNING: pipe error: 109: file z:/build/build/src/ipc/chromium/src/chrome/common/ipc_channel_win.cc, line 346
[Child 14664, Chrome_ChildThread] WARNING: pipe error: 109: file z:/build/build/src/ipc/chromium/src/chrome/common/ipc_channel_win.cc, line 346
[Child 1466*** UTM:SVC TimerManager:registerTimer called after profile-before-change notification. Ignoring timer registration for id: telemetry_modules_ping

###!!! [Child][MessageChannel::SendAndWait] Error: Channel error: cannot send/recv

1527222306049	geckodriver	INFO	geckodriver 0.20.1
1527222306064	geckodriver	INFO	Listening on 127.0.0.1:11704
1527222309039	mozrunner::runner	INFO	Running command: "C:\\Program Files (x86)\\Mozilla Firefox\\firefox.exe" "-marionette" "-profile" "C:\\Users\\Carlos\\AppData\\Local\\Temp\\rust_mozprofile.FuZxYAXFKUYo"
Unable to read VR Path Registry from C:\Users\Carlos\AppData\Local\openvr\openvrpaths.vrpath
Unable to read VR Path Registry from C:\Users\Carlos\AppData\Local\openvr\openvrpaths.vrpath
Unable to read VR Path Registry from C:\Users\Carlos\AppData\Local\openvr\openvrpaths.vrpath
Unable to read VR Path Registry from C:\Users\Carlos\AppData\Local\openvr\openvrpaths.vrpath
Unable to read VR Path Registry from C:\Users\Carlos\AppData\Local\openvr\openvrpaths.vrpath
1527222311456	Marionette	INFO	Listening on port 11712
1527222312163	Marionette	WARN	TLS certificate errors will be ignored for this session
console.error: "Got an addition of an actor we didn't know about: server1.conn0.child1/domnode277"
console.error: "Got a removal of an actor we didn't know about: server1.conn0.child1/domnode277"
console.error: "Got a removal of an actor we didn't know about: server1.conn0.child1/domnode276"
console.error: "Got an addition of an actor we didn't know about: server1.conn0.child1/domnode279"
console.error: "Got a removal of an actor we didn't know about: server1.conn0.child1/domnode279"
console.error: "Got a removal of an actor we didn't know about: server1.conn0.child1/domnode278"
console.warn: LoginRecipes: getRecipes: falling back to a synchronous message for: https://giphy.com
console.warn: LoginRecipes: getRecipes: falling back to a synchronous message for: https://giphy.com
JavaScript error: resource://devtools/shared/base-loader.js -> resource://devtools/server/actors/highlighters/auto-refresh.js, line 201: TypeError: this.win is null
JavaScript error: resource://devtools/shared/base-loader.js -> resource://devtools/server/actors/highlighters/auto-refresh.js, line 201: TypeError: this.win is null
JavaScript error: resource://devtools/shared/base-loader.js -> resource://devtools/server/actors/highlighters/auto-refresh.js, line 201: TypeError: this.win is null
JavaScript error: resource://devtools/shared/base-loader.js -> resource://devtools/server/actors/highlighters/auto-refresh.js, line 201: TypeError: this.win is null
JavaScript error: resource://devtools/shared/base-loader.js -> resource://devtools/server/actors/highlighters/auto-refresh.js, line 201: TypeError: this.win is null
JavaScript error: resource://devtools/shared/base-loader.js -> resource://devtools/server/actors/highlighters/auto-refresh.js, line 201: TypeError: this.win is null
JavaScript error: resource://devtools/shared/base-loader.js -> resource://devtools/server/actors/highlighters/auto-refresh.js, line 201: TypeError: this.win is null
JavaScript error: resource://devtools/shared/base-loader.js -> resource://devtools/server/actors/highlighters/auto-refresh.js, line 201: TypeError: this.win is null
JavaScript error: resource://devtools/shared/base-loader.js -> resource://devtools/server/actors/highlighters/auto-refresh.js, line 201: TypeError: this.win is null
JavaScript error: resource://devtools/shared/base-loader.js -> resource://devtools/server/actors/highlighters/auto-refresh.js, line 201: TypeError: this.win is null
JavaScript error: resource://devtools/shared/base-loader.js -> resource://devtools/server/actors/highlighters/auto-refresh.js, line 201: TypeError: this.win is null
JavaScript error: resource://devtools/shared/base-loader.js -> resource://devtools/server/actors/highlighters/auto-refresh.js, line 201: TypeError: this.win is null
JavaScript error: resource://devtools/shared/base-loader.js -> resource://devtools/server/actors/highlighters/auto-refresh.js, line 201: TypeError: this.win is null
JavaScript error: resource://devtools/shared/base-loader.js -> resource://devtools/server/actors/highlighters/auto-refresh.js, line 201: TypeError: this.win is null
console.warn: LoginRecipes: getRecipes: falling back to a synchronous message for: https://giphy.com
console.warn: LoginRecipes: getRecipes: falling back to a synchronous message for: https://giphy.com
console.warn: LoginRecipes: getRecipes: falling back to a synchronous message for: https://giphy.com
JavaScript error: resource://devtools/shared/base-loader.js -> resource://devtools/server/actors/highlighters/auto-refresh.js, line 201: TypeError: null has no properties
JavaScript error: resource://devtools/shared/base-loader.js -> resource://devtools/server/actors/highlighters/auto-refresh.js, line 201: TypeError: null has no properties
JavaScript error: resource://devtools/shared/base-loader.js -> resource://devtools/server/actors/highlighters/auto-refresh.js, line 201: TypeError: null has no properties
JavaScript error: resource://devtools/shared/base-loader.js -> resource://devtools/server/actors/highlighters/auto-refresh.js, line 201: TypeError: null has no properties
JavaScript error: resource://devtools/shared/base-loader.js -> resource://devtools/server/actors/highlighters/auto-refresh.js, line 201: TypeError: this.win is null
JavaScript error: resource://devtools/shared/base-loader.js -> resource://devtools/server/actors/highlighters/auto-refresh.js, line 201: TypeError: this.win is null
JavaScript error: resource://devtools/shared/base-loader.js -> resource://devtools/server/actors/highlighters/auto-refresh.js, line 201: TypeError: this.win is null
JavaScript error: resource://devtools/shared/base-loader.js -> resource://devtools/server/actors/highlighters/auto-refresh.js, line 201: TypeError: this.win is null
JavaScript error: resource://devtools/shared/base-loader.js -> resource://devtools/server/actors/highlighters/auto-refresh.js, line 201: TypeError: this.win is null
JavaScript error: resource://devtools/shared/base-loader.js -> resource://devtools/server/actors/highlighters/auto-refresh.js, line 201: TypeError: this.win is null
JavaScript error: resource://devtools/shared/base-loader.js -> resource://devtools/server/actors/highlighters/auto-refresh.js, line 201: TypeError: this.win is null
JavaScript error: resource://devtools/shared/base-loader.js -> resource://devtools/server/actors/highlighters/auto-refresh.js, line 201: TypeError: this.win is null
JavaScript error: resource://devtools/shared/base-loader.js -> resource://devtools/server/actors/highlighters/auto-refresh.js, line 201: TypeError: this.win is null
JavaScript error: resource://devtools/shared/base-loader.js -> resource://devtools/server/actors/highlighters/auto-refresh.js, line 201: TypeError: this.win is null
IPDL protocol error: Handler returned error code!

###!!! [Parent][DispatchAsyncMessage] Error: PImageBridge::Msg_Update Processing error: message was deserialized, but the handler returned false (indicating failure)

IPDL protocol error: Handler returned error code!

###!!! [Parent][DispatchAsyncMessage] Error: PImageBridge::Msg_Update Processing error: message was deserialized, but the handler returned false (indicating failure)

[Child 21432, Chrome_ChildThread] WARNING: pipe error: 109: file z:/build/build/src/ipc/chromium/src/chrome/common/ipc_channel_win.cc, line 346
[Child 21432, Chrome_ChildThread]IPDL protocol error: Handler returned error code!

###!!! [Parent][DispatchAsyncMessage] Error: PImageBridge::Msg_Update Processing error: message was deserialized, but the handler returned false (indicating failure)

IPDL protocol error: Handler returned error code!

###!!! [Parent][DispatchAsyncMessage] Error: PLayerTransaction::Msg_ReleaseLayer Processing error: message was deserialized, but the handler returned false (indicating failure)

[Parent 20120, Gecko_IOThread] WARNING: pipe error: 109: file z:/build/build/src/ipc/chromium/src/chrome/common/ipc_channel_win.cc, line 346
[Child 18440, Chrome_ChildThread] WARNING: pipe error: 109: file z:/build/build/src/ipc/chromium/src/chrome/common/ipc_channel_win.cc, line 346
[Parent 20120, Gecko_IOThread] WARNING: pipe error: 109: file z:/build/build/src/ipc/chromium/src/chrome/common/ipc_channel_win.cc, line 346

###!!! [Child][MessageChannel::SendAndWait] Error: Channel error: cannot send/recv

1527224920134	geckodriver	INFO	geckodriver 0.20.1
1527224920146	geckodriver	INFO	Listening on 127.0.0.1:12547
1527224923147	mozrunner::runner	INFO	Running command: "C:\\Program Files (x86)\\Mozilla Firefox\\firefox.exe" "-marionette" "-profile" "C:\\Users\\Carlos\\AppData\\Local\\Temp\\rust_mozprofile.TUq4HuWoIDs5"
Unable to read VR Path Registry from C:\Users\Carlos\AppData\Local\openvr\openvrpaths.vrpath
Unable to read VR Path Registry from C:\Users\Carlos\AppData\Local\openvr\openvrpaths.vrpath
Unable to read VR Path Registry from C:\Users\Carlos\AppData\Local\openvr\openvrpaths.vrpath
Unable to read VR Path Registry from C:\Users\Carlos\AppData\Local\openvr\openvrpaths.vrpath
1527224925912	Marionette	INFO	Listening on port 12555
Unable to read VR Path Registry from C:\Users\Carlos\AppData\Local\openvr\openvrpaths.vrpath
1527224926280	Marionette	WARN	TLS certificate errors will be ignored for this session
JavaScript error: https://rules.quantcount.com/rules-p-PdxaRL3tyJt0S.js, line 6: TypeError: __qc is undefined
JavaScript error: https://rules.quantcount.com/rules-p-PdxaRL3tyJt0S.js, line 6: TypeError: __qc is undefined
JavaScript error: https://rules.quantcount.com/rules-p-PdxaRL3tyJt0S.js, line 6: TypeError: __qc is undefined
JavaScript error: https://rules.quantcount.com/rules-p-PdxaRL3tyJt0S.js, line 6: TypeError: __qc is undefined
JavaScript error: https://rules.quantcount.com/rules-p-PdxaRL3tyJt0S.js, line 6: TypeError: __qc is undefined
JavaScript error: https://rules.quantcount.com/rules-p-PdxaRL3tyJt0S.js, line 6: TypeError: __qc is undefined
JavaScript error: https://rules.quantcount.com/rules-p-PdxaRL3tyJt0S.js, line 6: TypeError: __qc is undefined
JavaScript error: https://rules.quantcount.com/rules-p-PdxaRL3tyJt0S.js, line 6: TypeError: __qc is undefined
JavaScript error: https://rules.quantcount.com/rules-p-PdxaRL3tyJt0S.js, line 6: TypeError: __qc is undefined
JavaScript error: https://rules.quantcount.com/rules-p-PdxaRL3tyJt0S.js, line 6: TypeError: __qc is undefined
JavaScript error: https://rules.quantcount.com/rules-p-PdxaRL3tyJt0S.js, line 6: TypeError: __qc is undefined
JavaScript error: https://rules.quantcount.com/rules-p-PdxaRL3tyJt0S.js, line 6: TypeError: __qc is undefined
JavaScript error: https://rules.quantcount.com/rules-p-PdxaRL3tyJt0S.js, line 6: TypeError: __qc is undefined
JavaScript error: https://rules.quantcount.com/rules-p-PdxaRL3tyJt0S.js, line 6: TypeError: __qc is undefined
JavaScript error: https://rules.quantcount.com/rules-p-PdxaRL3tyJt0S.js, line 6: TypeError: __qc is undefined
JavaScript error: https://rules.quantcount.com/rules-p-PdxaRL3tyJt0S.js, line 6: TypeError: __qc is undefined
JavaScript error: https://rules.quantcount.com/rules-p-PdxaRL3tyJt0S.js, line 6: TypeError: __qc is undefined
JavaScript error: https://rules.quantcount.com/rules-p-PdxaRL3tyJt0S.js, line 6: TypeError: __qc is undefined
JavaScript error: https://rules.quantcount.com/rules-p-PdxaRL3tyJt0S.js, line 6: TypeError: __qc is undefined
JavaScript error: https://rules.quantcount.com/rules-p-PdxaRL3tyJt0S.js, line 6: TypeError: __qc is undefined
JavaScript error: https://rules.quantcount.com/rules-p-PdxaRL3tyJt0S.js, line 6: TypeError: __qc is undefined
JavaScript error: https://rules.quantcount.com/rules-p-PdxaRL3tyJt0S.js, line 6: TypeError: __qc is undefined
JavaScript error: https://rules.quantcount.com/rules-p-PdxaRL3tyJt0S.js, line 6: TypeError: __qc is undefined
JavaScript error: https://rules.quantcount.com/rules-p-PdxaRL3tyJt0S.js, line 6: TypeError: __qc is undefined
JavaScript error: https://rules.quantcount.com/rules-p-PdxaRL3tyJt0S.js, line 6: TypeError: __qc is undefined
JavaScript error: https://rules.quantcount.com/rules-p-PdxaRL3tyJt0S.js, line 6: TypeError: __qc is undefined
JavaScript error: https://rules.quantcount.com/rules-p-PdxaRL3tyJt0S.js, line 6: TypeError: __qc is undefined
JavaScript error: https://rules.quantcount.com/rules-p-PdxaRL3tyJt0S.js, line 6: TypeError: __qc is undefined
JavaScript error: https://rules.quantcount.com/rules-p-PdxaRL3tyJt0S.js, line 6: TypeError: __qc is undefined
JavaScript error: https://rules.quantcount.com/rules-p-PdxaRL3tyJt0S.js, line 6: TypeError: __qc is undefined
JavaScript error: https://rules.quantcount.com/rules-p-PdxaRL3tyJt0S.js, line 6: TypeError: __qc is undefined
JavaScript error: https://rules.quantcount.com/rules-p-PdxaRL3tyJt0S.js, line 6: TypeError: __qc is undefined
JavaScript error: https://rules.quantcount.com/rules-p-PdxaRL3tyJt0S.js, line 6: TypeError: __qc is undefined
JavaScript error: https://rules.quantcount.com/rules-p-PdxaRL3tyJt0S.js, line 6: TypeError: __qc is undefined
JavaScript error: https://rules.quantcount.com/rules-p-PdxaRL3tyJt0S.js, line 6: TypeError: __qc is undefined
JavaScript error: https://rules.quantcount.com/rules-p-PdxaRL3tyJt0S.js, line 6: TypeError: __qc is undefined
JavaScript error: https://rules.quantcount.com/rules-p-PdxaRL3tyJt0S.js, line 6: TypeError: __qc is undefined
JavaScript error: https://rules.quantcount.com/rules-p-PdxaRL3tyJt0S.js, line 6: TypeError: __qc is undefined
[Parent 18152, Gecko_IOThread] WARNING: pipe error: 109: file z:/build/build/src/ipc/chromium/src/chrome/common/ipc_channel_win.cc, line 346
[Child 22596, Chrome_ChildThread] WARNING: pipe error: 109: file z:/build/build/src/ipc/chromium/src/chrome/common/ipc_channel_win.cc, line 346
Unable to read VR Path Registry from C:\Users\Carlos\AppData\Local\openvr\openvrpaths.vrpath
[Parent 18152, Gecko_IOThread] WARNING: pipe error: 109: file z:/build/build/src/ipc/chromium/src/chrome/common/ipc_channel_win.cc, line 346
[Child 20164, Chrome_ChildThread] WARNING: pipe error: 109: file z:/build/build/src/ipc/chromium/src/chrome/common/ipc_channel_win.cc, line 346
[Child 20164, Chrome_ChildThread] WAR[Parent 18152, Gecko_IOThread] WARNING: pipe error: 109: file z:/build/build/src/ipc/chromium/src/chrome/common/ipc_channel_win.cc, line 346
[Parent 18152, Gecko_IOThread] WARNING: pipe error: 109: file z:/build/build/src/ipc/chromium/src/chrome/common/ipc_channel_win.cc, line 346
[Child 23500, Chrome_ChildThread] WARNING: pipe error: 109: file z:/build/build/src/ipc/chromium/src/chrome/common/ipc_channel_win.cc, line 346
[Child 23500, Chrome_ChildThread] WARNING: pipe error: 109: file z:/build/build/src/ipc/chromium/src/chrome/common/ipc_channel_win.cc, line 34
###!!! [Child][MessageChannel::SendAndWait] Error: Channel error: cannot send/recv

1527229198534	geckodriver	INFO	geckodriver 0.20.1
1527229198548	geckodriver	INFO	Listening on 127.0.0.1:18094
1527229201577	mozrunner::runner	INFO	Running command: "C:\\Program Files (x86)\\Mozilla Firefox\\firefox.exe" "-marionette" "-profile" "C:\\Users\\Carlos\\AppData\\Local\\Temp\\rust_mozprofile.jkUtiAFMYUWj"
Unable to read VR Path Registry from C:\Users\Carlos\AppData\Local\openvr\openvrpaths.vrpath
Unable to read VR Path Registry from C:\Users\Carlos\AppData\Local\openvr\openvrpaths.vrpath
Unable to read VR Path Registry from C:\Users\Carlos\AppData\Local\openvr\openvrpaths.vrpath
Unable to read VR Path Registry from C:\Users\Carlos\AppData\Local\openvr\openvrpaths.vrpath
1527229204162	Marionette	INFO	Listening on port 18102
Unable to read VR Path Registry from C:\Users\Carlos\AppData\Local\openvr\openvrpaths.vrpath
1527229204696	Marionette	WARN	TLS certificate errors will be ignored for this session
JavaScript error: https://rules.quantcount.com/rules-p-PdxaRL3tyJt0S.js, line 6: TypeError: __qc is undefined
JavaScript error: https://rules.quantcount.com/rules-p-PdxaRL3tyJt0S.js, line 6: TypeError: __qc is undefined
IPDL protocol error: Handler returned error code!

###!!! [Parent][DispatchAsyncMessage] Error: PImageBridge::Msg_Update Processing error: message was deserialized, but the handler returned false (indicating failure)

IPDL protocol error: Handler returned error code!

###!!! [Parent][DispatchAsyncMessage] Error: PLayerTransaction::Msg_ReleaseLayer Processing error: message was deserialized, but the handler returned false (indicating failure)

[Child 22760, Chrome_ChildThread] WARNING: pipe error: 109: file z:/build/build/src/ipc/chromium/src/chrome/common/ipc_channel_win.cc, line 346
[Child 22760, Chrome_ChildThread] WARNING: pipe error: 109: file z:/build/bui
###!!! [Child][MessageChannel::SendAndWait] Error: Channel error: cannot send/recv

